{"time":"2026-05-15T05:39:43.498467469+03:00","level":"INFO","source":{"function":"main.main","file":"/mnt/c/XEX/organizational-structure/cmd/service/main.go","line":35},"msg":"logger initiated"}
{"time":"2026-05-15T05:39:43.506754274+03:00","level":"INFO","source":{"function":"main.main.func1","file":"/mnt/c/XEX/organizational-structure/cmd/service/main.go","line":59},"msg":"Starting server","port":"8080"}
{"time":"2026-05-15T05:39:54.956215742+03:00","level":"INFO","source":{"function":"main.main","file":"/mnt/c/XEX/organizational-structure/cmd/service/main.go","line":68},"msg":"Received shutdown signal, shutting down..."}
{"time":"2026-05-15T05:39:54.959772366+03:00","level":"INFO","source":{"function":"main.main","file":"/mnt/c/XEX/organizational-structure/cmd/service/main.go","line":77},"msg":"Server shutdown complete"}
{"time":"2026-05-15T16:55:53.539467496+03:00","level":"INFO","source":{"function":"main.main","file":"/mnt/c/XEX/organizational-structure/cmd/service/main.go","line":36},"msg":"logger initiated"}
{"time":"2026-05-15T16:55:53.602994+03:00","level":"INFO","source":{"function":"main.main.func1","file":"/mnt/c/XEX/organizational-structure/cmd/service/main.go","line":60},"msg":"Starting server","port":"8080"}
{"time":"2026-05-15T16:55:58.492107322+03:00","level":"INFO","source":{"function":"main.main","file":"/mnt/c/XEX/organizational-structure/cmd/service/main.go","line":69},"msg":"Received shutdown signal, shutting down..."}
{"time":"2026-05-15T16:55:58.492750108+03:00","level":"INFO","source":{"function":"main.main","file":"/mnt/c/XEX/organizational-structure/cmd/service/main.go","line":78},"msg":"Server shutdown complete"}
{"time":"2026-05-15T16:56:37.487379204+03:00","level":"INFO","source":{"function":"main.main","file":"/mnt/c/XEX/organizational-structure/cmd/service/main.go","line":36},"msg":"logger initiated"}
{"time":"2026-05-15T16:56:37.52493304+03:00","level":"INFO","source":{"function":"main.main.func1","file":"/mnt/c/XEX/organizational-structure/cmd/service/main.go","line":60},"msg":"Starting server","port":"8080"}
{"time":"2026-05-15T16:56:38.900557502+03:00","level":"INFO","source":{"function":"main.main","file":"/mnt/c/XEX/organizational-structure/cmd/service/main.go","line":69},"msg":"Received shutdown signal, shutting down..."}
{"time":"2026-05-15T16:56:38.901735839+03:00","level":"INFO","source":{"function":"main.main","file":"/mnt/c/XEX/organizational-structure/cmd/service/main.go","line":78},"msg":"Server shutdown complete"}
{"time":"2026-05-15T16:56:50.212717167+03:00","level":"INFO","source":{"function":"main.main","file":"/mnt/c/XEX/organizational-structure/cmd/service/main.go","line":36},"msg":"logger initiated"}
{"time":"2026-05-15T16:56:50.223244356+03:00","level":"INFO","source":{"function":"main.main.func1","file":"/mnt/c/XEX/organizational-structure/cmd/service/main.go","line":60},"msg":"Starting server","port":"8080"}
{"time":"2026-05-15T16:56:51.75609234+03:00","level":"INFO","source":{"function":"main.main","file":"/mnt/c/XEX/organizational-structure/cmd/service/main.go","line":69},"msg":"Received shutdown signal, shutting down..."}
{"time":"2026-05-15T16:56:51.757642767+03:00","level":"INFO","source":{"function":"main.main","file":"/mnt/c/XEX/organizational-structure/cmd/service/main.go","line":78},"msg":"Server shutdown complete"}
{"time":"2026-05-15T16:57:27.364466901+03:00","level":"INFO","source":{"function":"main.main","file":"/mnt/c/XEX/organizational-structure/cmd/service/main.go","line":36},"msg":"logger initiated"}
{"time":"2026-05-15T16:57:27.384012907+03:00","level":"ERROR","source":{"function":"main.main","file":"/mnt/c/XEX/organizational-structure/cmd/service/main.go","line":40},"msg":"Failed to connect to database","error":"failed to connect to `user=postgres database=postgres`: 127.0.0.1:5432 (localhost): failed SASL auth: FATAL: password authentication failed for user \"postgres\" (SQLSTATE 28P01)"}
{"time":"2026-05-15T16:58:02.789445567+03:00","level":"INFO","source":{"function":"main.main","file":"/mnt/c/XEX/organizational-structure/cmd/service/main.go","line":36},"msg":"logger initiated"}
{"time":"2026-05-15T16:58:02.801423868+03:00","level":"ERROR","source":{"function":"main.main","file":"/mnt/c/XEX/organizational-structure/cmd/service/main.go","line":40},"msg":"Failed to connect to database","error":"failed to connect to `user=postgres database=postgres`: 127.0.0.1:5432 (localhost): failed SASL auth: FATAL: password authentication failed for user \"postgres\" (SQLSTATE 28P01)"}
{"time":"2026-05-15T16:58:49.175513899+03:00","level":"INFO","source":{"function":"main.main","file":"/mnt/c/XEX/organizational-structure/cmd/service/main.go","line":36},"msg":"logger initiated"}
{"time":"2026-05-15T16:58:49.193539217+03:00","level":"INFO","source":{"function":"main.main.func1","file":"/mnt/c/XEX/organizational-structure/cmd/service/main.go","line":60},"msg":"Starting server","port":"8080"}
{"time":"2026-05-15T16:58:52.052004103+03:00","level":"INFO","source":{"function":"main.main","file":"/mnt/c/XEX/organizational-structure/cmd/service/main.go","line":69},"msg":"Received shutdown signal, shutting down..."}
{"time":"2026-05-15T16:58:52.053465277+03:00","level":"INFO","source":{"function":"main.main","file":"/mnt/c/XEX/organizational-structure/cmd/service/main.go","line":78},"msg":"Server shutdown complete"}
{"time":"2026-05-16T04:33:33.893303119+03:00","level":"INFO","source":{"function":"main.main","file":"/mnt/c/XEX/organizational-structure/cmd/service/main.go","line":33},"msg":"logger initiated"}
{"time":"2026-05-16T04:33:33.90150615+03:00","level":"ERROR","source":{"function":"main.main","file":"/mnt/c/XEX/organizational-structure/cmd/service/main.go","line":37},"msg":"Failed to connect to database","error":"failed to connect to `user=user database=postgres`: 127.0.0.1:5432 (localhost): failed SASL auth: FATAL: password authentication failed for user \"user\" (SQLSTATE 28P01)"}
{"time":"2026-05-16T04:34:52.148386536+03:00","level":"INFO","source":{"function":"main.main","file":"/mnt/c/XEX/organizational-structure/cmd/service/main.go","line":33},"msg":"logger initiated"}
{"time":"2026-05-16T04:34:52.177422303+03:00","level":"ERROR","source":{"function":"main.main","file":"/mnt/c/XEX/organizational-structure/cmd/service/main.go","line":37},"msg":"Failed to connect to database","error":"failed to connect to `user=postgres database=postgres`: 127.0.0.1:5432 (localhost): failed SASL auth: FATAL: password authentication failed for user \"postgres\" (SQLSTATE 28P01)"}
{"time":"2026-05-16T04:49:27.629937605+03:00","level":"INFO","source":{"function":"main.main","file":"/mnt/c/XEX/organizational-structure/cmd/service/main.go","line":33},"msg":"logger initiated"}
{"time":"2026-05-16T04:49:27.63675922+03:00","level":"ERROR","source":{"function":"main.main","file":"/mnt/c/XEX/organizational-structure/cmd/service/main.go","line":37},"msg":"Failed to connect to database","error":"failed to connect to `user=postgres database=default_name`: 127.0.0.1:5432 (localhost): failed SASL auth: FATAL: password authentication failed for user \"postgres\" (SQLSTATE 28P01)"}
{"time":"2026-05-16T04:49:52.664843327+03:00","level":"INFO","source":{"function":"main.main","file":"/mnt/c/XEX/organizational-structure/cmd/service/main.go","line":33},"msg":"logger initiated"}
{"time":"2026-05-16T04:49:52.672223659+03:00","level":"ERROR","source":{"function":"main.main","file":"/mnt/c/XEX/organizational-structure/cmd/service/main.go","line":37},"msg":"Failed to connect to database","error":"failed to connect to `user=postgres database=default_name`: 127.0.0.1:5432 (localhost): server error: FATAL: database \"default_name\" does not exist (SQLSTATE 3D000)"}
{"time":"2026-05-16T04:53:18.896331514+03:00","level":"INFO","source":{"function":"main.main","file":"/mnt/c/XEX/organizational-structure/cmd/service/main.go","line":33},"msg":"logger initiated"}
{"time":"2026-05-16T04:53:18.912939037+03:00","level":"INFO","source":{"function":"main.main.func1","file":"/mnt/c/XEX/organizational-structure/cmd/service/main.go","line":57},"msg":"Starting server","port":"8080"}
{"time":"2026-05-16T04:53:41.949452886+03:00","level":"INFO","source":{"function":"main.main","file":"/mnt/c/XEX/organizational-structure/cmd/service/main.go","line":66},"msg":"Received shutdown signal, shutting down..."}
{"time":"2026-05-16T04:53:41.950092674+03:00","level":"INFO","source":{"function":"main.main","file":"/mnt/c/XEX/organizational-structure/cmd/service/main.go","line":75},"msg":"Server shutdown complete"}
{"time":"2026-05-16T20:24:53.228873377+03:00","level":"INFO","source":{"function":"main.main","file":"/mnt/c/XEX/organizational-structure/cmd/service/main.go","line":33},"msg":"logger initiated"}
{"time":"2026-05-16T20:24:53.229334162+03:00","level":"INFO","source":{"function":"github.com/VysMax/organizational-structure/database.New","file":"/mnt/c/XEX/organizational-structure/database/database.go","line":17},"msg":"Connecting to database..."}
{"time":"2026-05-16T20:24:53.279588972+03:00","level":"INFO","source":{"function":"github.com/VysMax/organizational-structure/database.New","file":"/mnt/c/XEX/organizational-structure/database/database.go","line":24},"msg":"Connecction to database successful"}
{"time":"2026-05-16T20:24:53.280432236+03:00","level":"INFO","source":{"function":"main.main.func1","file":"/mnt/c/XEX/organizational-structure/cmd/service/main.go","line":57},"msg":"Starting server","port":"8080"}
{"time":"2026-05-16T20:25:10.005187052+03:00","level":"INFO","source":{"function":"main.main","file":"/mnt/c/XEX/organizational-structure/cmd/service/main.go","line":66},"msg":"Received shutdown signal, shutting down..."}
{"time":"2026-05-16T20:25:10.00699917+03:00","level":"INFO","source":{"function":"main.main","file":"/mnt/c/XEX/organizational-structure/cmd/service/main.go","line":75},"msg":"Server shutdown complete"}
{"time":"2026-05-16T20:51:31.90214358+03:00","level":"INFO","source":{"function":"main.main","file":"/mnt/c/XEX/organizational-structure/cmd/service/main.go","line":33},"msg":"logger initiated"}
{"time":"2026-05-16T20:51:31.902858526+03:00","level":"INFO","source":{"function":"github.com/VysMax/organizational-structure/database.New","file":"/mnt/c/XEX/organizational-structure/database/database.go","line":17},"msg":"Connecting to database..."}
{"time":"2026-05-16T20:51:31.950055857+03:00","level":"INFO","source":{"function":"github.com/VysMax/organizational-structure/database.New","file":"/mnt/c/XEX/organizational-structure/database/database.go","line":24},"msg":"Connecction to database successful"}
{"time":"2026-05-16T20:51:31.951228153+03:00","level":"INFO","source":{"function":"main.main.func1","file":"/mnt/c/XEX/organizational-structure/cmd/service/main.go","line":57},"msg":"Starting server","port":"8080"}
{"time":"2026-05-16T20:52:16.369702159+03:00","level":"INFO","source":{"function":"main.main","file":"/mnt/c/XEX/organizational-structure/cmd/service/main.go","line":66},"msg":"Received shutdown signal, shutting down..."}
{"time":"2026-05-16T20:52:16.372065458+03:00","level":"INFO","source":{"function":"main.main","file":"/mnt/c/XEX/organizational-structure/cmd/service/main.go","line":75},"msg":"Server shutdown complete"}
{"time":"2026-05-16T20:55:03.844083058+03:00","level":"INFO","source":{"function":"main.main","file":"/mnt/c/XEX/organizational-structure/cmd/service/main.go","line":33},"msg":"logger initiated"}
{"time":"2026-05-16T20:55:03.845273387+03:00","level":"INFO","source":{"function":"github.com/VysMax/organizational-structure/database.New","file":"/mnt/c/XEX/organizational-structure/database/database.go","line":17},"msg":"Connecting to database..."}
{"time":"2026-05-16T20:55:03.853802537+03:00","level":"INFO","source":{"function":"github.com/VysMax/organizational-structure/database.New","file":"/mnt/c/XEX/organizational-structure/database/database.go","line":24},"msg":"Connecction to database successful"}
{"time":"2026-05-16T20:55:03.854785492+03:00","level":"INFO","source":{"function":"main.main.func1","file":"/mnt/c/XEX/organizational-structure/cmd/service/main.go","line":57},"msg":"Starting server","port":"8080"}
{"time":"2026-05-16T20:56:14.236432885+03:00","level":"INFO","source":{"function":"main.main","file":"/mnt/c/XEX/organizational-structure/cmd/service/main.go","line":66},"msg":"Received shutdown signal, shutting down..."}
{"time":"2026-05-16T20:56:14.237669248+03:00","level":"INFO","source":{"function":"main.main","file":"/mnt/c/XEX/organizational-structure/cmd/service/main.go","line":75},"msg":"Server shutdown complete"}
{"time":"2026-05-16T21:00:00.72654769+03:00","level":"INFO","source":{"function":"main.main","file":"/mnt/c/XEX/organizational-structure/cmd/service/main.go","line":33},"msg":"logger initiated"}
{"time":"2026-05-16T21:00:00.727103712+03:00","level":"INFO","source":{"function":"github.com/VysMax/organizational-structure/database.New","file":"/mnt/c/XEX/organizational-structure/database/database.go","line":17},"msg":"Connecting to database..."}
{"time":"2026-05-16T21:00:00.750456538+03:00","level":"INFO","source":{"function":"github.com/VysMax/organizational-structure/database.New","file":"/mnt/c/XEX/organizational-structure/database/database.go","line":24},"msg":"Connecction to database successful"}
{"time":"2026-05-16T21:00:00.751947737+03:00","level":"INFO","source":{"function":"main.main.func1","file":"/mnt/c/XEX/organizational-structure/cmd/service/main.go","line":57},"msg":"Starting server","port":"8080"}
{"time":"2026-05-16T21:01:13.979125321+03:00","level":"ERROR","source":{"function":"github.com/VysMax/organizational-structure/repository.(*Repo).CreateDepartament","file":"/mnt/c/XEX/organizational-structure/repository/repository.go","line":38},"msg":"failed to create department","error":"ERROR: insert or update on table \"departments\" violates foreign key constraint \"departments_parent_id_fkey\" (SQLSTATE 23503)"}
{"time":"2026-05-16T21:05:23.248425554+03:00","level":"INFO","source":{"function":"main.main","file":"/mnt/c/XEX/organizational-structure/cmd/service/main.go","line":66},"msg":"Received shutdown signal, shutting down..."}
{"time":"2026-05-16T21:05:23.248931321+03:00","level":"INFO","source":{"function":"main.main","file":"/mnt/c/XEX/organizational-structure/cmd/service/main.go","line":75},"msg":"Server shutdown complete"}
{"time":"2026-05-16T21:05:34.173660435+03:00","level":"INFO","source":{"function":"main.main","file":"/mnt/c/XEX/organizational-structure/cmd/service/main.go","line":33},"msg":"logger initiated"}
{"time":"2026-05-16T21:05:34.174041947+03:00","level":"INFO","source":{"function":"github.com/VysMax/organizational-structure/database.New","file":"/mnt/c/XEX/organizational-structure/database/database.go","line":17},"msg":"Connecting to database..."}
{"time":"2026-05-16T21:05:34.188034985+03:00","level":"INFO","source":{"function":"github.com/VysMax/organizational-structure/database.New","file":"/mnt/c/XEX/organizational-structure/database/database.go","line":24},"msg":"Connecction to database successful"}
{"time":"2026-05-16T21:05:34.188867891+03:00","level":"INFO","source":{"function":"main.main.func1","file":"/mnt/c/XEX/organizational-structure/cmd/service/main.go","line":57},"msg":"Starting server","port":"8080"}
{"time":"2026-05-16T21:05:41.335424932+03:00","level":"ERROR","source":{"function":"github.com/VysMax/organizational-structure/repository.(*Repo).CreateDepartament","file":"/mnt/c/XEX/organizational-structure/repository/repository.go","line":38},"msg":"failed to create department","error":"ERROR: relation \"departments\" does not exist (SQLSTATE 42P01)"}
{"time":"2026-05-16T21:05:49.1702979+03:00","level":"INFO","source":{"function":"main.main","file":"/mnt/c/XEX/organizational-structure/cmd/service/main.go","line":66},"msg":"Received shutdown signal, shutting down..."}
{"time":"2026-05-16T21:05:49.172442138+03:00","level":"INFO","source":{"function":"main.main","file":"/mnt/c/XEX/organizational-structure/cmd/service/main.go","line":75},"msg":"Server shutdown complete"}
{"time":"2026-05-16T21:06:27.75956734+03:00","level":"INFO","source":{"function":"main.main","file":"/mnt/c/XEX/organizational-structure/cmd/service/main.go","line":33},"msg":"logger initiated"}
{"time":"2026-05-16T21:06:27.760014655+03:00","level":"INFO","source":{"function":"github.com/VysMax/organizational-structure/database.New","file":"/mnt/c/XEX/organizational-structure/database/database.go","line":17},"msg":"Connecting to database..."}
{"time":"2026-05-16T21:06:27.767181462+03:00","level":"INFO","source":{"function":"github.com/VysMax/organizational-structure/database.New","file":"/mnt/c/XEX/organizational-structure/database/database.go","line":24},"msg":"Connecction to database successful"}
{"time":"2026-05-16T21:06:27.767862587+03:00","level":"INFO","source":{"function":"main.main.func1","file":"/mnt/c/XEX/organizational-structure/cmd/service/main.go","line":57},"msg":"Starting server","port":"8080"}
{"time":"2026-05-16T21:06:31.084351319+03:00","level":"ERROR","source":{"function":"github.com/VysMax/organizational-structure/repository.(*Repo).CreateDepartament","file":"/mnt/c/XEX/organizational-structure/repository/repository.go","line":38},"msg":"failed to create department","error":"ERROR: insert or update on table \"departments\" violates foreign key constraint \"departments_parent_id_fkey\" (SQLSTATE 23503)"}
{"time":"2026-05-16T21:06:57.558951271+03:00","level":"ERROR","source":{"function":"github.com/VysMax/organizational-structure/repository.(*Repo).CreateDepartament","file":"/mnt/c/XEX/organizational-structure/repository/repository.go","line":38},"msg":"failed to create department","error":"ERROR: insert or update on table \"departments\" violates foreign key constraint \"departments_parent_id_fkey\" (SQLSTATE 23503)"}
{"time":"2026-05-16T21:07:32.536284158+03:00","level":"INFO","source":{"function":"main.main","file":"/mnt/c/XEX/organizational-structure/cmd/service/main.go","line":66},"msg":"Received shutdown signal, shutting down..."}
{"time":"2026-05-16T21:07:32.542361911+03:00","level":"INFO","source":{"function":"main.main","file":"/mnt/c/XEX/organizational-structure/cmd/service/main.go","line":75},"msg":"Server shutdown complete"}
{"time":"2026-05-16T21:21:43.599504905+03:00","level":"INFO","source":{"function":"main.main","file":"/mnt/c/XEX/organizational-structure/cmd/service/main.go","line":33},"msg":"logger initiated"}
{"time":"2026-05-16T21:21:43.600376993+03:00","level":"INFO","source":{"function":"github.com/VysMax/organizational-structure/database.New","file":"/mnt/c/XEX/organizational-structure/database/database.go","line":17},"msg":"Connecting to database..."}
{"time":"2026-05-16T21:21:43.623381386+03:00","level":"INFO","source":{"function":"github.com/VysMax/organizational-structure/database.New","file":"/mnt/c/XEX/organizational-structure/database/database.go","line":24},"msg":"Connecction to database successful"}
{"time":"2026-05-16T21:21:43.624418082+03:00","level":"INFO","source":{"function":"main.main.func1","file":"/mnt/c/XEX/organizational-structure/cmd/service/main.go","line":57},"msg":"Starting server","port":"8080"}
{"time":"2026-05-16T21:21:53.071707685+03:00","level":"INFO","source":{"function":"github.com/VysMax/organizational-structure/repository.(*Repo).CreateDepartament","file":"/mnt/c/XEX/organizational-structure/repository/repository.go","line":45},"msg":"Department created","id":4,"name":"New"}
{"time":"2026-05-16T21:22:35.214006322+03:00","level":"INFO","source":{"function":"github.com/VysMax/organizational-structure/repository.(*Repo).CreateDepartament","file":"/mnt/c/XEX/organizational-structure/repository/repository.go","line":45},"msg":"Department created","id":5,"name":"New"}
{"time":"2026-05-16T21:22:40.940061341+03:00","level":"INFO","source":{"function":"github.com/VysMax/organizational-structure/repository.(*Repo).CheckExistence","file":"/mnt/c/XEX/organizational-structure/repository/repository.go","line":34},"msg":"parentID exists","id":10}
{"time":"2026-05-16T21:22:40.951462492+03:00","level":"ERROR","source":{"function":"github.com/VysMax/organizational-structure/repository.(*Repo).CreateDepartament","file":"/mnt/c/XEX/organizational-structure/repository/repository.go","line":41},"msg":"failed to create department","error":"ERROR: insert or update on table \"departments\" violates foreign key constraint \"departments_parent_id_fkey\" (SQLSTATE 23503)"}
{"time":"2026-05-16T21:23:43.773481929+03:00","level":"INFO","source":{"function":"github.com/VysMax/organizational-structure/repository.(*Repo).CheckExistence","file":"/mnt/c/XEX/organizational-structure/repository/repository.go","line":34},"msg":"parentID exists","id":2}
{"time":"2026-05-16T21:23:43.778436249+03:00","level":"ERROR","source":{"function":"github.com/VysMax/organizational-structure/repository.(*Repo).CreateDepartament","file":"/mnt/c/XEX/organizational-structure/repository/repository.go","line":41},"msg":"failed to create department","error":"ERROR: insert or update on table \"departments\" violates foreign key constraint \"departments_parent_id_fkey\" (SQLSTATE 23503)"}
{"time":"2026-05-16T21:23:49.684913045+03:00","level":"INFO","source":{"function":"github.com/VysMax/organizational-structure/repository.(*Repo).CheckExistence","file":"/mnt/c/XEX/organizational-structure/repository/repository.go","line":34},"msg":"parentID exists","id":3}
{"time":"2026-05-16T21:23:49.692165037+03:00","level":"INFO","source":{"function":"github.com/VysMax/organizational-structure/repository.(*Repo).CreateDepartament","file":"/mnt/c/XEX/organizational-structure/repository/repository.go","line":45},"msg":"Department created","id":8,"name":"New"}
{"time":"2026-05-16T21:24:53.666657726+03:00","level":"INFO","source":{"function":"main.main","file":"/mnt/c/XEX/organizational-structure/cmd/service/main.go","line":66},"msg":"Received shutdown signal, shutting down..."}
{"time":"2026-05-16T21:24:53.669091228+03:00","level":"INFO","source":{"function":"main.main","file":"/mnt/c/XEX/organizational-structure/cmd/service/main.go","line":75},"msg":"Server shutdown complete"}
{"time":"2026-05-17T13:41:22.145398315+03:00","level":"INFO","source":{"function":"main.main","file":"/mnt/c/XEX/organizational-structure/cmd/service/main.go","line":33},"msg":"logger initiated"}
{"time":"2026-05-17T13:41:22.147566859+03:00","level":"INFO","source":{"function":"github.com/VysMax/organizational-structure/database.New","file":"/mnt/c/XEX/organizational-structure/database/database.go","line":17},"msg":"Connecting to database..."}
{"time":"2026-05-17T13:41:22.206007635+03:00","level":"INFO","source":{"function":"github.com/VysMax/organizational-structure/database.New","file":"/mnt/c/XEX/organizational-structure/database/database.go","line":24},"msg":"Connecction to database successful"}
{"time":"2026-05-17T13:41:22.21074822+03:00","level":"INFO","source":{"function":"main.main.func1","file":"/mnt/c/XEX/organizational-structure/cmd/service/main.go","line":57},"msg":"Starting server","port":"8080"}
{"time":"2026-05-17T13:41:31.750531332+03:00","level":"INFO","source":{"function":"github.com/VysMax/organizational-structure/repository.(*Repo).CheckExistence","file":"/mnt/c/XEX/organizational-structure/repository/repository.go","line":34},"msg":"parentID exists","id":1}
{"time":"2026-05-17T13:41:31.815736506+03:00","level":"INFO","source":{"function":"github.com/VysMax/organizational-structure/repository.(*Repo).CreateDepartament","file":"/mnt/c/XEX/organizational-structure/repository/repository.go","line":45},"msg":"Department created","id":1,"name":"New"}
{"time":"2026-05-17T13:42:22.895179486+03:00","level":"INFO","source":{"function":"github.com/VysMax/organizational-structure/repository.(*Repo).CheckExistence","file":"/mnt/c/XEX/organizational-structure/repository/repository.go","line":34},"msg":"parentID exists","id":2}
{"time":"2026-05-17T13:42:22.899812027+03:00","level":"INFO","source":{"function":"github.com/VysMax/organizational-structure/repository.(*Repo).CreateDepartament","file":"/mnt/c/XEX/organizational-structure/repository/repository.go","line":45},"msg":"Department created","id":2,"name":"New"}
{"time":"2026-05-17T13:42:30.766863626+03:00","level":"INFO","source":{"function":"github.com/VysMax/organizational-structure/repository.(*Repo).CheckExistence","file":"/mnt/c/XEX/organizational-structure/repository/repository.go","line":34},"msg":"parentID exists","id":4}
{"time":"2026-05-17T13:42:30.773973976+03:00","level":"ERROR","source":{"function":"github.com/VysMax/organizational-structure/repository.(*Repo).CreateDepartament","file":"/mnt/c/XEX/organizational-structure/repository/repository.go","line":41},"msg":"failed to create department","error":"ERROR: insert or update on table \"departments\" violates foreign key constraint \"departments_parent_id_fkey\" (SQLSTATE 23503)"}
{"time":"2026-05-17T13:42:36.05668407+03:00","level":"INFO","source":{"function":"main.main","file":"/mnt/c/XEX/organizational-structure/cmd/service/main.go","line":66},"msg":"Received shutdown signal, shutting down..."}
{"time":"2026-05-17T13:42:36.057380156+03:00","level":"INFO","source":{"function":"main.main","file":"/mnt/c/XEX/organizational-structure/cmd/service/main.go","line":75},"msg":"Server shutdown complete"}
{"time":"2026-05-17T14:28:30.462700286+03:00","level":"INFO","source":{"function":"main.main","file":"/mnt/c/XEX/organizational-structure/cmd/service/main.go","line":33},"msg":"logger initiated"}
{"time":"2026-05-17T14:28:30.463381236+03:00","level":"INFO","source":{"function":"github.com/VysMax/organizational-structure/database.New","file":"/mnt/c/XEX/organizational-structure/database/database.go","line":17},"msg":"Connecting to database..."}
{"time":"2026-05-17T14:28:30.491308597+03:00","level":"INFO","source":{"function":"github.com/VysMax/organizational-structure/database.New","file":"/mnt/c/XEX/organizational-structure/database/database.go","line":24},"msg":"Connecction to database successful"}
{"time":"2026-05-17T14:28:30.493840663+03:00","level":"INFO","source":{"function":"main.main.func1","file":"/mnt/c/XEX/organizational-structure/cmd/service/main.go","line":57},"msg":"Starting server","port":"8080"}
{"time":"2026-05-17T14:28:33.182294267+03:00","level":"INFO","source":{"function":"github.com/VysMax/organizational-structure/repository.(*Repo).CheckExistence","file":"/mnt/c/XEX/organizational-structure/repository/repository.go","line":34},"msg":"parentID exists","id":4}
{"time":"2026-05-17T14:28:33.199597562+03:00","level":"ERROR","source":{"function":"github.com/VysMax/organizational-structure/repository.(*Repo).CreateDepartament","file":"/mnt/c/XEX/organizational-structure/repository/repository.go","line":41},"msg":"failed to create department","error":"ERROR: missing FROM-clause entry for table \"parent\" (SQLSTATE 42P01)"}
{"time":"2026-05-17T14:28:51.073312262+03:00","level":"ERROR","source":{"function":"github.com/VysMax/organizational-structure/repository.(*Repo).CreateDepartament","file":"/mnt/c/XEX/organizational-structure/repository/repository.go","line":41},"msg":"failed to create department","error":"ERROR: missing FROM-clause entry for table \"parent\" (SQLSTATE 42P01)"}
{"time":"2026-05-17T14:29:15.234200356+03:00","level":"INFO","source":{"function":"main.main","file":"/mnt/c/XEX/organizational-structure/cmd/service/main.go","line":66},"msg":"Received shutdown signal, shutting down..."}
{"time":"2026-05-17T14:29:15.235959718+03:00","level":"INFO","source":{"function":"main.main","file":"/mnt/c/XEX/organizational-structure/cmd/service/main.go","line":75},"msg":"Server shutdown complete"}
{"time":"2026-05-17T14:29:31.590875895+03:00","level":"INFO","source":{"function":"main.main","file":"/mnt/c/XEX/organizational-structure/cmd/service/main.go","line":33},"msg":"logger initiated"}
{"time":"2026-05-17T14:29:31.591303959+03:00","level":"INFO","source":{"function":"github.com/VysMax/organizational-structure/database.New","file":"/mnt/c/XEX/organizational-structure/database/database.go","line":17},"msg":"Connecting to database..."}
{"time":"2026-05-17T14:29:31.602717562+03:00","level":"INFO","source":{"function":"github.com/VysMax/organizational-structure/database.New","file":"/mnt/c/XEX/organizational-structure/database/database.go","line":24},"msg":"Connecction to database successful"}
{"time":"2026-05-17T14:29:31.603533319+03:00","level":"INFO","source":{"function":"main.main.func1","file":"/mnt/c/XEX/organizational-structure/cmd/service/main.go","line":57},"msg":"Starting server","port":"8080"}
{"time":"2026-05-17T14:29:37.747257945+03:00","level":"INFO","source":{"function":"github.com/VysMax/organizational-structure/repository.(*Repo).CreateDepartament","file":"/mnt/c/XEX/organizational-structure/repository/repository.go","line":45},"msg":"Department created","id":1,"name":"New"}
{"time":"2026-05-17T14:29:43.075378071+03:00","level":"INFO","source":{"function":"github.com/VysMax/organizational-structure/repository.(*Repo).CreateDepartament","file":"/mnt/c/XEX/organizational-structure/repository/repository.go","line":45},"msg":"Department created","id":2,"name":"New"}
{"time":"2026-05-17T14:29:55.530236728+03:00","level":"INFO","source":{"function":"github.com/VysMax/organizational-structure/repository.(*Repo).CheckExistence","file":"/mnt/c/XEX/organizational-structure/repository/repository.go","line":34},"msg":"parentID exists","id":3}
{"time":"2026-05-17T14:29:55.533075924+03:00","level":"ERROR","source":{"function":"github.com/VysMax/organizational-structure/repository.(*Repo).CreateDepartament","file":"/mnt/c/XEX/organizational-structure/repository/repository.go","line":41},"msg":"failed to create department","error":"ERROR: Department cannot be its own child (SQLSTATE P0001)"}
{"time":"2026-05-17T14:30:56.377462544+03:00","level":"INFO","source":{"function":"main.main","file":"/mnt/c/XEX/organizational-structure/cmd/service/main.go","line":66},"msg":"Received shutdown signal, shutting down..."}
{"time":"2026-05-17T14:30:56.37830921+03:00","level":"INFO","source":{"function":"main.main","file":"/mnt/c/XEX/organizational-structure/cmd/service/main.go","line":75},"msg":"Server shutdown complete"}
{"time":"2026-05-17T14:31:13.937805602+03:00","level":"INFO","source":{"function":"main.main","file":"/mnt/c/XEX/organizational-structure/cmd/service/main.go","line":33},"msg":"logger initiated"}
{"time":"2026-05-17T14:31:13.938547695+03:00","level":"INFO","source":{"function":"github.com/VysMax/organizational-structure/database.New","file":"/mnt/c/XEX/organizational-structure/database/database.go","line":17},"msg":"Connecting to database..."}
{"time":"2026-05-17T14:31:13.950586241+03:00","level":"INFO","source":{"function":"github.com/VysMax/organizational-structure/database.New","file":"/mnt/c/XEX/organizational-structure/database/database.go","line":24},"msg":"Connecction to database successful"}
{"time":"2026-05-17T14:31:13.952908826+03:00","level":"INFO","source":{"function":"main.main.func1","file":"/mnt/c/XEX/organizational-structure/cmd/service/main.go","line":57},"msg":"Starting server","port":"8080"}
{"time":"2026-05-17T14:31:17.700549135+03:00","level":"INFO","source":{"function":"github.com/VysMax/organizational-structure/repository.(*Repo).CheckExistence","file":"/mnt/c/XEX/organizational-structure/repository/repository.go","line":34},"msg":"parentID exists","id":1}
{"time":"2026-05-17T14:31:17.708113371+03:00","level":"ERROR","source":{"function":"github.com/VysMax/organizational-structure/repository.(*Repo).CreateDepartament","file":"/mnt/c/XEX/organizational-structure/repository/repository.go","line":41},"msg":"failed to create department","error":"ERROR: Department cannot be its own child (SQLSTATE P0001)"}
{"time":"2026-05-17T14:31:23.700035328+03:00","level":"INFO","source":{"function":"github.com/VysMax/organizational-structure/repository.(*Repo).CheckExistence","file":"/mnt/c/XEX/organizational-structure/repository/repository.go","line":34},"msg":"parentID exists","id":4}
{"time":"2026-05-17T14:31:23.707383944+03:00","level":"ERROR","source":{"function":"github.com/VysMax/organizational-structure/repository.(*Repo).CreateDepartament","file":"/mnt/c/XEX/organizational-structure/repository/repository.go","line":41},"msg":"failed to create department","error":"ERROR: insert or update on table \"departments\" violates foreign key constraint \"departments_parent_id_fkey\" (SQLSTATE 23503)"}
{"time":"2026-05-17T14:31:29.751175602+03:00","level":"INFO","source":{"function":"github.com/VysMax/organizational-structure/repository.(*Repo).CreateDepartament","file":"/mnt/c/XEX/organizational-structure/repository/repository.go","line":45},"msg":"Department created","id":3,"name":"New"}
{"time":"2026-05-17T14:31:35.15598203+03:00","level":"INFO","source":{"function":"main.main","file":"/mnt/c/XEX/organizational-structure/cmd/service/main.go","line":66},"msg":"Received shutdown signal, shutting down..."}
{"time":"2026-05-17T14:31:35.157426087+03:00","level":"INFO","source":{"function":"main.main","file":"/mnt/c/XEX/organizational-structure/cmd/service/main.go","line":75},"msg":"Server shutdown complete"}
{"time":"2026-05-17T14:39:17.484853139+03:00","level":"INFO","source":{"function":"main.main","file":"/mnt/c/XEX/organizational-structure/cmd/service/main.go","line":33},"msg":"logger initiated"}
{"time":"2026-05-17T14:39:17.485526837+03:00","level":"INFO","source":{"function":"github.com/VysMax/organizational-structure/database.New","file":"/mnt/c/XEX/organizational-structure/database/database.go","line":17},"msg":"Connecting to database..."}
{"time":"2026-05-17T14:39:17.516659158+03:00","level":"INFO","source":{"function":"github.com/VysMax/organizational-structure/database.New","file":"/mnt/c/XEX/organizational-structure/database/database.go","line":24},"msg":"Connecction to database successful"}
{"time":"2026-05-17T14:39:17.522394798+03:00","level":"INFO","source":{"function":"main.main.func1","file":"/mnt/c/XEX/organizational-structure/cmd/service/main.go","line":57},"msg":"Starting server","port":"8080"}
{"time":"2026-05-17T14:39:19.17767081+03:00","level":"INFO","source":{"function":"main.main","file":"/mnt/c/XEX/organizational-structure/cmd/service/main.go","line":66},"msg":"Received shutdown signal, shutting down..."}
{"time":"2026-05-17T14:39:19.179510187+03:00","level":"INFO","source":{"function":"main.main","file":"/mnt/c/XEX/organizational-structure/cmd/service/main.go","line":75},"msg":"Server shutdown complete"}
{"time":"2026-05-17T14:39:26.862232385+03:00","level":"INFO","source":{"function":"main.main","file":"/mnt/c/XEX/organizational-structure/cmd/service/main.go","line":33},"msg":"logger initiated"}
{"time":"2026-05-17T14:39:26.862692305+03:00","level":"INFO","source":{"function":"github.com/VysMax/organizational-structure/database.New","file":"/mnt/c/XEX/organizational-structure/database/database.go","line":17},"msg":"Connecting to database..."}
{"time":"2026-05-17T14:39:26.874924419+03:00","level":"INFO","source":{"function":"github.com/VysMax/organizational-structure/database.New","file":"/mnt/c/XEX/organizational-structure/database/database.go","line":24},"msg":"Connecction to database successful"}
{"time":"2026-05-17T14:39:26.875745643+03:00","level":"INFO","source":{"function":"main.main.func1","file":"/mnt/c/XEX/organizational-structure/cmd/service/main.go","line":57},"msg":"Starting server","port":"8080"}
{"time":"2026-05-17T14:39:29.479656289+03:00","level":"INFO","source":{"function":"github.com/VysMax/organizational-structure/repository.(*Repo).CreateDepartament","file":"/mnt/c/XEX/organizational-structure/repository/repository.go","line":45},"msg":"Department created","id":1,"name":"New"}
{"time":"2026-05-17T14:39:51.210008069+03:00","level":"INFO","source":{"function":"github.com/VysMax/organizational-structure/repository.(*Repo).CheckExistence","file":"/mnt/c/XEX/organizational-structure/repository/repository.go","line":34},"msg":"parentID exists","id":2}
{"time":"2026-05-17T14:39:51.216027547+03:00","level":"ERROR","source":{"function":"github.com/VysMax/organizational-structure/repository.(*Repo).CreateDepartament","file":"/mnt/c/XEX/organizational-structure/repository/repository.go","line":41},"msg":"failed to create department","error":"ERROR: Department cannot be its own child (SQLSTATE P0001)"}
{"time":"2026-05-17T14:39:58.07563764+03:00","level":"INFO","source":{"function":"github.com/VysMax/organizational-structure/repository.(*Repo).CheckExistence","file":"/mnt/c/XEX/organizational-structure/repository/repository.go","line":34},"msg":"parentID exists","id":1}
{"time":"2026-05-17T14:39:58.08650292+03:00","level":"INFO","source":{"function":"github.com/VysMax/organizational-structure/repository.(*Repo).CreateDepartament","file":"/mnt/c/XEX/organizational-structure/repository/repository.go","line":45},"msg":"Department created","id":3,"name":"New"}
{"time":"2026-05-17T14:40:00.514011313+03:00","level":"INFO","source":{"function":"github.com/VysMax/organizational-structure/repository.(*Repo).CheckExistence","file":"/mnt/c/XEX/organizational-structure/repository/repository.go","line":34},"msg":"parentID exists","id":1}
{"time":"2026-05-17T14:40:00.519746673+03:00","level":"ERROR","source":{"function":"github.com/VysMax/organizational-structure/repository.(*Repo).CreateDepartament","file":"/mnt/c/XEX/organizational-structure/repository/repository.go","line":41},"msg":"failed to create department","error":"ERROR: duplicate key value violates unique constraint \"idx_unique_child_name\" (SQLSTATE 23505)"}
{"time":"2026-05-17T14:40:29.566305344+03:00","level":"INFO","source":{"function":"main.main","file":"/mnt/c/XEX/organizational-structure/cmd/service/main.go","line":66},"msg":"Received shutdown signal, shutting down..."}
{"time":"2026-05-17T14:40:29.568234389+03:00","level":"INFO","source":{"function":"main.main","file":"/mnt/c/XEX/organizational-structure/cmd/service/main.go","line":75},"msg":"Server shutdown complete"}
